
/home/runner/work/exp-parameterized-polymorphism-au/exp-parameterized-polymorphism-au/experiment/simulation/js/173.b07982ba.js
  1:2804  warning  'h' is defined but never used  no-unused-vars

/home/runner/work/exp-parameterized-polymorphism-au/exp-parameterized-polymorphism-au/experiment/simulation/js/312.1d73c15b.js
  1:545  warning  'e' is defined but never used  no-unused-vars
  1:547  warning  't' is defined but never used  no-unused-vars
  1:549  warning  's' is defined but never used  no-unused-vars
  1:551  warning  'n' is defined but never used  no-unused-vars
  1:553  warning  'r' is defined but never used  no-unused-vars
  1:555  warning  'u' is defined but never used  no-unused-vars

/home/runner/work/exp-parameterized-polymorphism-au/exp-parameterized-polymorphism-au/experiment/simulation/js/494.9e5464bf.js
  1:451    warning  't' is defined but never used  no-unused-vars
  1:655    warning  't' is defined but never used  no-unused-vars
  1:858    warning  't' is defined but never used  no-unused-vars
  1:1081   warning  't' is defined but never used  no-unused-vars
  1:1307   warning  't' is defined but never used  no-unused-vars
  1:1525   warning  't' is defined but never used  no-unused-vars
  1:1714   warning  't' is defined but never used  no-unused-vars
  1:1915   warning  't' is defined but never used  no-unused-vars
  1:2120   warning  't' is defined but never used  no-unused-vars
  1:2388   warning  't' is defined but never used  no-unused-vars
  1:2804   warning  'n' is defined but never used  no-unused-vars
  1:8214   warning  't' is defined but never used  no-unused-vars
  1:8676   warning  't' is defined but never used  no-unused-vars
  1:9343   warning  't' is defined but never used  no-unused-vars
  1:17105  warning  't' is defined but never used  no-unused-vars
  1:17283  warning  't' is defined but never used  no-unused-vars
  1:17754  warning  't' is defined but never used  no-unused-vars
  1:18433  warning  't' is defined but never used  no-unused-vars
  1:24571  warning  't' is defined but never used  no-unused-vars
  1:25217  warning  't' is defined but never used  no-unused-vars
  1:57405  warning  't' is defined but never used  no-unused-vars
  1:57599  warning  't' is defined but never used  no-unused-vars
  1:57798  warning  't' is defined but never used  no-unused-vars
  1:58501  warning  't' is defined but never used  no-unused-vars
  1:58974  warning  't' is defined but never used  no-unused-vars
  1:59467  warning  't' is defined but never used  no-unused-vars
  1:63675  warning  't' is defined but never used  no-unused-vars
  1:63768  warning  't' is defined but never used  no-unused-vars
  1:63862  warning  't' is defined but never used  no-unused-vars
  1:63951  warning  't' is defined but never used  no-unused-vars

/home/runner/work/exp-parameterized-polymorphism-au/exp-parameterized-polymorphism-au/experiment/simulation/js/989.40fb3b75.js
  1:406    warning  't' is defined but never used  no-unused-vars
  1:610    warning  't' is defined but never used  no-unused-vars
  1:796    warning  't' is defined but never used  no-unused-vars
  1:978    warning  't' is defined but never used  no-unused-vars
  1:1170   warning  't' is defined but never used  no-unused-vars
  1:1359   warning  't' is defined but never used  no-unused-vars
  1:1560   warning  't' is defined but never used  no-unused-vars
  1:1765   warning  't' is defined but never used  no-unused-vars
  1:1964   warning  't' is defined but never used  no-unused-vars
  1:2451   warning  'n' is defined but never used  no-unused-vars
  1:33771  warning  't' is defined but never used  no-unused-vars
  1:33963  warning  't' is defined but never used  no-unused-vars
  1:34862  warning  't' is defined but never used  no-unused-vars
  1:35581  warning  't' is defined but never used  no-unused-vars
  1:36458  warning  't' is defined but never used  no-unused-vars
  1:37214  warning  't' is defined but never used  no-unused-vars
  1:38332  warning  't' is defined but never used  no-unused-vars
  1:41992  warning  't' is defined but never used  no-unused-vars

/home/runner/work/exp-parameterized-polymorphism-au/exp-parameterized-polymorphism-au/experiment/simulation/js/app.7812fa17.js
  1:111     warning  't' is defined but never used           no-unused-vars
  1:113     warning  'e' is defined but never used           no-unused-vars
  1:529     warning  't' is defined but never used           no-unused-vars
  1:733     warning  't' is defined but never used           no-unused-vars
  1:919     warning  't' is defined but never used           no-unused-vars
  1:1101    warning  't' is defined but never used           no-unused-vars
  1:1293    warning  't' is defined but never used           no-unused-vars
  1:1482    warning  't' is defined but never used           no-unused-vars
  1:1683    warning  't' is defined but never used           no-unused-vars
  1:1888    warning  't' is defined but never used           no-unused-vars
  1:2087    warning  't' is defined but never used           no-unused-vars
  1:2602    warning  'e' is defined but never used           no-unused-vars
  1:40255   warning  't' is defined but never used           no-unused-vars
  1:40436   warning  't' is defined but never used           no-unused-vars
  1:40618   warning  't' is defined but never used           no-unused-vars
  1:40800   warning  't' is defined but never used           no-unused-vars
  1:40981   warning  't' is defined but never used           no-unused-vars
  1:41158   warning  't' is defined but never used           no-unused-vars
  1:41342   warning  't' is defined but never used           no-unused-vars
  1:41526   warning  't' is defined but never used           no-unused-vars
  1:41717   warning  't' is defined but never used           no-unused-vars
  1:42388   warning  't' is defined but never used           no-unused-vars
  1:43035   warning  't' is defined but never used           no-unused-vars
  1:43677   warning  't' is defined but never used           no-unused-vars
  1:44306   warning  't' is defined but never used           no-unused-vars
  1:44540   warning  't' is defined but never used           no-unused-vars
  1:44798   warning  't' is defined but never used           no-unused-vars
  1:45048   warning  't' is defined but never used           no-unused-vars
  1:45699   warning  't' is defined but never used           no-unused-vars
  1:45931   warning  't' is defined but never used           no-unused-vars
  1:46564   warning  't' is defined but never used           no-unused-vars
  1:46819   warning  't' is defined but never used           no-unused-vars
  1:47661   warning  't' is defined but never used           no-unused-vars
  1:47876   warning  't' is defined but never used           no-unused-vars
  1:48669   warning  't' is defined but never used           no-unused-vars
  1:49241   warning  't' is defined but never used           no-unused-vars
  1:50945   warning  't' is defined but never used           no-unused-vars
  1:54199   warning  't' is defined but never used           no-unused-vars
  1:57181   warning  'e' is defined but never used           no-unused-vars
  1:57183   warning  'n' is defined but never used           no-unused-vars
  1:57185   warning  'a' is defined but never used           no-unused-vars
  1:57187   warning  'r' is defined but never used           no-unused-vars
  1:57189   warning  'i' is defined but never used           no-unused-vars
  1:62700   warning  't' is defined but never used           no-unused-vars
  1:68070   warning  't' is defined but never used           no-unused-vars
  1:68072   warning  'e' is defined but never used           no-unused-vars
  1:69382   warning  't' is defined but never used           no-unused-vars
  1:69384   warning  'e' is defined but never used           no-unused-vars
  1:69909   warning  't' is defined but never used           no-unused-vars
  1:69911   warning  'e' is defined but never used           no-unused-vars
  1:70968   warning  'e' is defined but never used           no-unused-vars
  1:72414   warning  't' is defined but never used           no-unused-vars
  1:72416   warning  'e' is defined but never used           no-unused-vars
  1:73461   warning  't' is defined but never used           no-unused-vars
  1:73463   warning  'e' is defined but never used           no-unused-vars
  1:75294   warning  't' is defined but never used           no-unused-vars
  1:75296   warning  'e' is defined but never used           no-unused-vars
  1:76192   warning  't' is defined but never used           no-unused-vars
  1:76194   warning  'e' is defined but never used           no-unused-vars
  1:78986   warning  't' is defined but never used           no-unused-vars
  1:82258   warning  't' is defined but never used           no-unused-vars
  1:85356   warning  't' is defined but never used           no-unused-vars
  1:88903   warning  't' is defined but never used           no-unused-vars
  1:90525   warning  't' is defined but never used           no-unused-vars
  1:90527   warning  'e' is defined but never used           no-unused-vars
  1:90529   warning  'n' is defined but never used           no-unused-vars
  1:90531   warning  'a' is defined but never used           no-unused-vars
  1:90533   warning  'r' is defined but never used           no-unused-vars
  1:90535   warning  'i' is defined but never used           no-unused-vars
  1:92419   warning  't' is defined but never used           no-unused-vars
  1:92421   warning  'e' is defined but never used           no-unused-vars
  1:92423   warning  'n' is defined but never used           no-unused-vars
  1:92425   warning  'a' is defined but never used           no-unused-vars
  1:92427   warning  'r' is defined but never used           no-unused-vars
  1:92429   warning  'i' is defined but never used           no-unused-vars
  1:95059   warning  't' is defined but never used           no-unused-vars
  1:98293   warning  't' is defined but never used           no-unused-vars
  1:101972  warning  't' is defined but never used           no-unused-vars
  1:104548  warning  't' is defined but never used           no-unused-vars
  1:104550  warning  'e' is defined but never used           no-unused-vars
  1:104552  warning  'n' is defined but never used           no-unused-vars
  1:104554  warning  'a' is defined but never used           no-unused-vars
  1:104556  warning  'r' is defined but never used           no-unused-vars
  1:104558  warning  'i' is defined but never used           no-unused-vars
  1:107153  warning  't' is defined but never used           no-unused-vars
  1:110369  warning  't' is defined but never used           no-unused-vars
  1:110371  warning  'e' is defined but never used           no-unused-vars
  1:110373  warning  'n' is defined but never used           no-unused-vars
  1:110375  warning  'a' is defined but never used           no-unused-vars
  1:110377  warning  'r' is defined but never used           no-unused-vars
  1:110379  warning  'i' is defined but never used           no-unused-vars
  1:113987  warning  't' is defined but never used           no-unused-vars
  1:117384  warning  't' is defined but never used           no-unused-vars
  1:120841  warning  't' is defined but never used           no-unused-vars
  1:123042  warning  't' is defined but never used           no-unused-vars
  1:123044  warning  'e' is defined but never used           no-unused-vars
  1:123046  warning  'n' is defined but never used           no-unused-vars
  1:123048  warning  'a' is defined but never used           no-unused-vars
  1:123050  warning  'r' is defined but never used           no-unused-vars
  1:123052  warning  'i' is defined but never used           no-unused-vars
  1:125708  warning  't' is defined but never used           no-unused-vars
  1:128569  warning  't' is defined but never used           no-unused-vars
  1:131286  warning  't' is defined but never used           no-unused-vars
  1:133860  warning  't' is defined but never used           no-unused-vars
  1:136859  warning  't' is defined but never used           no-unused-vars
  1:139909  warning  't' is defined but never used           no-unused-vars
  1:143175  warning  't' is defined but never used           no-unused-vars
  1:145447  warning  't' is defined but never used           no-unused-vars
  1:145449  warning  'e' is defined but never used           no-unused-vars
  1:145451  warning  'n' is defined but never used           no-unused-vars
  1:145453  warning  'a' is defined but never used           no-unused-vars
  1:145455  warning  'r' is defined but never used           no-unused-vars
  1:145457  warning  'i' is defined but never used           no-unused-vars
  1:146893  warning  't' is defined but never used           no-unused-vars
  1:146895  warning  'e' is defined but never used           no-unused-vars
  1:146897  warning  'n' is defined but never used           no-unused-vars
  1:146899  warning  'a' is defined but never used           no-unused-vars
  1:146901  warning  'r' is defined but never used           no-unused-vars
  1:146903  warning  'i' is defined but never used           no-unused-vars
  1:150108  warning  't' is defined but never used           no-unused-vars
  1:153127  warning  't' is defined but never used           no-unused-vars
  1:156347  warning  't' is defined but never used           no-unused-vars
  1:158641  warning  'i' is defined but never used           no-unused-vars
  1:161709  warning  'a' is assigned a value but never used  no-unused-vars

/home/runner/work/exp-parameterized-polymorphism-au/exp-parameterized-polymorphism-au/experiment/simulation/js/chunk-vendors.3daf7d3d.js
  1:1815   warning  Empty block statement                                                            no-empty
  1:3885   warning  Do not access Object.prototype method 'hasOwnProperty' from target object        no-prototype-builtins
  1:5409   warning  Do not access Object.prototype method 'propertyIsEnumerable' from target object  no-prototype-builtins
  1:6039   warning  'b.get' is assigned to itself                                                    no-self-assign
  1:6051   warning  'b.has' is assigned to itself                                                    no-self-assign
  1:6063   warning  'b.set' is assigned to itself                                                    no-self-assign
  1:8225   warning  Empty block statement                                                            no-empty
  1:9008   warning  Empty block statement                                                            no-empty
  1:9313   warning  Empty block statement                                                            no-empty
  1:13498  warning  'e' is defined but never used                                                    no-unused-vars
  1:13917  warning  'e' is defined but never used                                                    no-unused-vars
  1:16513  warning  't' is defined but never used                                                    no-unused-vars
  1:16613  warning  'i' is defined but never used                                                    no-unused-vars
  1:16615  warning  's' is defined but never used                                                    no-unused-vars
  1:17302  warning  't' is defined but never used                                                    no-unused-vars
  1:19049  warning  'e' is defined but never used                                                    no-unused-vars
  1:19051  warning  't' is defined but never used                                                    no-unused-vars
  1:19079  warning  'e' is defined but never used                                                    no-unused-vars
  1:19081  warning  't' is defined but never used                                                    no-unused-vars
  1:20720  warning  't' is defined but never used                                                    no-unused-vars
  1:22812  warning  't' is defined but never used                                                    no-unused-vars
  1:25459  warning  'r' is assigned a value but never used                                           no-unused-vars
  1:26142  warning  'e' is defined but never used                                                    no-unused-vars
  1:27820  warning  'n' is defined but never used                                                    no-unused-vars
  1:30012  warning  'u' is assigned a value but never used                                           no-unused-vars
  1:30024  warning  'a' is assigned a value but never used                                           no-unused-vars
  1:32334  warning  'e' is assigned a value but never used                                           no-unused-vars
  1:38304  warning  'n' is assigned a value but never used                                           no-unused-vars
  1:40465  warning  'b' is assigned a value but never used                                           no-unused-vars
  1:40493  warning  'x' is assigned a value but never used                                           no-unused-vars
  1:40641  warning  'F' is assigned a value but never used                                           no-unused-vars
  1:41098  warning  Setter cannot return a value                                                     no-setter-return
  1:41538  warning  Setter cannot return a value                                                     no-setter-return
  1:41698  warning  'n' is assigned a value but never used                                           no-unused-vars
  1:41938  warning  Setter cannot return a value                                                     no-setter-return
  1:46333  warning  'n' is defined but never used                                                    no-unused-vars
  1:63829  warning  'n' is defined but never used                                                    no-unused-vars
  1:65955  warning  Unexpected constant condition                                                    no-constant-condition
  1:67180  warning  'i' is defined but never used                                                    no-unused-vars
  1:68215  warning  Expected a conditional expression and instead saw an assignment                  no-cond-assign
  1:76802  warning  Do not access Object.prototype method 'hasOwnProperty' from target object        no-prototype-builtins
  1:76824  warning  Do not access Object.prototype method 'hasOwnProperty' from target object        no-prototype-builtins
  7:1707   warning  Unnecessary escape character: \/                                                 no-useless-escape
  7:2935   warning  't' is defined but never used                                                    no-unused-vars
  7:10572  warning  Empty block statement                                                            no-empty
  7:14902  warning  'i' is defined but never used                                                    no-unused-vars
  7:20477  warning  'e' is defined but never used                                                    no-unused-vars

✖ 226 problems (0 errors, 226 warnings)

